[2026-03-03 13:42:09,060] INFO - crop_recommendation.components.data_preprocessing - Data preprocessing started.
[2026-03-03 13:42:09,063] INFO - crop_recommendation.components.data_preprocessing - Train shape: (1760, 8)
[2026-03-03 13:42:09,063] INFO - crop_recommendation.components.data_preprocessing - Test shape: (440, 8)
[2026-03-03 13:42:09,081] INFO - crop_recommendation.components.data_preprocessing - Data preprocessing completed successfully.
[2026-03-03 14:14:47,971] INFO - crop_recommendation.components.data_preprocessing - Data preprocessing started.
[2026-03-03 14:14:47,977] INFO - crop_recommendation.components.data_preprocessing - Train shape: (1760, 8)
[2026-03-03 14:14:47,977] INFO - crop_recommendation.components.data_preprocessing - Test shape: (440, 8)
[2026-03-03 14:14:47,996] INFO - crop_recommendation.components.data_preprocessing - Data preprocessing completed successfully.
[2026-03-03 14:16:40,561] INFO - crop_recommendation.components.data_preprocessing - Data preprocessing started.
[2026-03-03 14:16:40,564] INFO - crop_recommendation.components.data_preprocessing - Train shape: (1760, 8)
[2026-03-03 14:16:40,564] INFO - crop_recommendation.components.data_preprocessing - Test shape: (440, 8)
[2026-03-03 14:16:40,581] INFO - crop_recommendation.components.data_preprocessing - Data preprocessing completed successfully.
[2026-03-03 17:56:18,144] INFO - crop_recommendation.components.data_preprocessing - Data preprocessing started.
[2026-03-03 17:56:18,147] INFO - crop_recommendation.components.data_preprocessing - Train shape: (1760, 8)
[2026-03-03 17:56:18,147] INFO - crop_recommendation.components.data_preprocessing - Test shape: (440, 8)
[2026-03-03 17:56:18,166] INFO - crop_recommendation.components.data_preprocessing - Data preprocessing completed successfully.
[2026-03-03 19:52:45,179] INFO - crop_recommendation.components.data_preprocessing - Data preprocessing started.
[2026-03-03 19:52:45,183] INFO - crop_recommendation.components.data_preprocessing - Train shape: (1760, 8)
[2026-03-03 19:52:45,183] INFO - crop_recommendation.components.data_preprocessing - Test shape: (440, 8)
[2026-03-03 19:52:45,204] INFO - crop_recommendation.components.data_preprocessing - Data preprocessing completed successfully.
[2026-03-05 13:56:52,650] INFO - crop_recommendation.components.data_preprocessing - Data preprocessing started
[2026-03-05 13:56:52,653] INFO - crop_recommendation.components.data_preprocessing - Train shape: (1760, 8)
[2026-03-05 13:56:52,653] INFO - crop_recommendation.components.data_preprocessing - Test shape: (440, 8)
[2026-03-05 13:56:52,660] INFO - crop_recommendation.components.data_preprocessing - Data preprocessing completed
