[2026-03-03 00:16:57,294] INFO - Project structure creation started.
[2026-03-03 00:16:57,294] INFO - src/crop_recommendation directory created
[2026-03-03 00:16:57,294] INFO - src/crop_recommendation/__init__.py file created
[2026-03-03 00:16:57,294] INFO - src/crop_recommendation/entity directory created
[2026-03-03 00:16:57,294] INFO - src/crop_recommendation/entity/__init__.py file created
[2026-03-03 00:16:57,294] INFO - src/crop_recommendation/entity/config_entity.py file created
[2026-03-03 00:16:57,294] INFO - src/crop_recommendation/configuration directory created
[2026-03-03 00:16:57,294] INFO - src/crop_recommendation/configuration/__init__.py file created
[2026-03-03 00:16:57,294] INFO - src/crop_recommendation/configuration/config.py file created
[2026-03-03 00:16:57,295] INFO - src/crop_recommendation/components directory created
[2026-03-03 00:16:57,295] INFO - src/crop_recommendation/components/__init__.py file created
[2026-03-03 00:16:57,295] INFO - src/crop_recommendation/components/data_ingestion.py file created
[2026-03-03 00:16:57,295] INFO - src/crop_recommendation/components/data_validation.py file created
[2026-03-03 00:16:57,295] INFO - src/crop_recommendation/components/data_preprocessing.py file created
[2026-03-03 00:16:57,295] INFO - src/crop_recommendation/components/training.py file created
[2026-03-03 00:16:57,295] INFO - src/crop_recommendation/components/evaluation.py file created
[2026-03-03 00:16:57,295] INFO - src/crop_recommendation/pipeline directory created
[2026-03-03 00:16:57,295] INFO - src/crop_recommendation/pipeline/__init__.py file created
[2026-03-03 00:16:57,295] INFO - src/crop_recommendation/pipeline/01_data_ingestion_pipeline.py file created
[2026-03-03 00:16:57,295] INFO - src/crop_recommendation/pipeline/02_data_validation_pipeline.py file created
[2026-03-03 00:16:57,295] INFO - src/crop_recommendation/pipeline/03_data_preprocessing_pipeline.py file created
[2026-03-03 00:16:57,296] INFO - src/crop_recommendation/pipeline/04_training_pipeline.py file created
[2026-03-03 00:16:57,296] INFO - src/crop_recommendation/pipeline/05_evaluation_pipeline.py file created
[2026-03-03 00:16:57,296] INFO - src/crop_recommendation/utils directory created
[2026-03-03 00:16:57,296] INFO - src/crop_recommendation/utils/__init__.py file created
[2026-03-03 00:16:57,296] INFO - src/crop_recommendation/utils/common.py file created
[2026-03-03 00:16:57,296] INFO - data/raw directory created
[2026-03-03 00:16:57,296] INFO - data/raw/.gitkeep file created
[2026-03-03 00:16:57,296] INFO - data/processed directory created
[2026-03-03 00:16:57,296] INFO - data/processed/.gitkeep file created
[2026-03-03 00:16:57,296] INFO - artifacts directory created
[2026-03-03 00:16:57,296] INFO - artifacts/.gitkeep file created
[2026-03-03 00:16:57,297] INFO - notebooks directory created
[2026-03-03 00:16:57,297] INFO - notebooks/.gitkeep file created
[2026-03-03 00:16:57,297] INFO - tests directory created
[2026-03-03 00:16:57,297] INFO - tests/__init__.py file created
[2026-03-03 00:16:57,297] INFO - tests/test_training.py file created
[2026-03-03 00:16:57,297] INFO - config directory created
[2026-03-03 00:16:57,297] INFO - config/config.yaml file created
[2026-03-03 00:16:57,297] INFO - params.yaml file created
[2026-03-03 00:16:57,297] INFO - dvc.yaml file created
[2026-03-03 00:16:57,297] INFO - .dvc directory created
[2026-03-03 00:16:57,297] INFO - .dvc/config file created
[2026-03-03 00:16:57,298] INFO - main.py file created
[2026-03-03 00:16:57,298] INFO - app.py file created
[2026-03-03 00:16:57,298] INFO - Dockerfile file created
[2026-03-03 00:16:57,298] INFO - docker-compose.yaml file created
[2026-03-03 00:16:57,298] INFO - .dockerignore file created
[2026-03-03 00:16:57,298] INFO - .github/workflows directory created
[2026-03-03 00:16:57,298] INFO - .github/workflows/ci.yaml file created
[2026-03-03 00:16:57,298] INFO - requirements.txt file created
[2026-03-03 00:16:57,298] INFO - setup.py file created
[2026-03-03 00:16:57,298] INFO - .gitignore file created
[2026-03-03 00:16:57,299] INFO - README.md file created
[2026-03-03 00:16:57,299] INFO - Project structure creation completed.
